<?xml version="1.0" encoding="UTF-8"?>
<testng-results ignored="0" total="1" passed="1" failed="0" skipped="0">
  <reporter-output>
  </reporter-output>
  <suite started-at="2025-08-04T01:47:42 IST" name="Default suite" finished-at="2025-08-04T01:47:58 IST" duration-ms="15901">
    <groups>
    </groups>
    <test started-at="2025-08-04T01:47:42 IST" name="Default test" finished-at="2025-08-04T01:47:58 IST" duration-ms="15901">
      <class name="Testcases.TC002_AddtoCart">
        <test-method is-config="true" signature="setup()[pri:0, instance:Testcases.TC002_AddtoCart@8458f04]" started-at="2025-08-04T01:47:42 IST" name="setup" finished-at="2025-08-04T01:47:48 IST" duration-ms="5848" status="PASS">
          <reporter-output>
          </reporter-output>
        </test-method> <!-- setup -->
        <test-method signature="AddtocartProduct()[pri:0, instance:Testcases.TC002_AddtoCart@8458f04]" started-at="2025-08-04T01:47:48 IST" name="AddtocartProduct" finished-at="2025-08-04T01:47:58 IST" duration-ms="9979" status="PASS">
          <reporter-output>
          </reporter-output>
        </test-method> <!-- AddtocartProduct -->
      </class> <!-- Testcases.TC002_AddtoCart -->
    </test> <!-- Default test -->
  </suite> <!-- Default suite -->
</testng-results>
